# JRE version: OpenJDK Runtime Environment Temurin-17.0.9+9 (17.0.9+9) (build 17.0.9+9)
# Java VM: OpenJDK 64-Bit Server VM Temurin-17.0.9+9 (17.0.9+9, mixed mode, tiered, compressed oops, compressed class ptrs, parallel gc, windows-amd64)
GC Precious Log:
 CPUs: 8 total, 8 available
 Memory: 16243M
 Large Page Support: Disabled
 NUMA Support: Disabled
 Compressed Oops: Enabled (32-bit)
 Alignments: Space 512K, Generation 512K, Heap 2M
 Heap Min Capacity: 100M
 Heap Initial Capacity: 100M
 Heap Max Capacity: 1G
 Pre-touch: Disabled
 Parallel Workers: 8
Heap:
 PSYoungGen      total 82944K, used 38182K [0x00000000eab00000, 0x00000000f1280000, 0x0000000100000000)
  eden space 61952K, 28% used [0x00000000eab00000,0x00000000ebc46450,0x00000000ee780000)
  from space 20992K, 97% used [0x00000000ee900000,0x00000000efd03408,0x00000000efd80000)
  to   space 21504K, 0% used [0x00000000efd80000,0x00000000efd80000,0x00000000f1280000)
 ParOldGen       total 139264K, used 80159K [0x00000000c0000000, 0x00000000c8800000, 0x00000000eab00000)
  object space 139264K, 57% used [0x00000000c0000000,0x00000000c4e47e08,0x00000000c8800000)
 Metaspace       used 77835K, committed 79104K, reserved 1179648K
  class space    used 9211K, committed 9792K, reserved 1048576K
GC Heap History (20 events):
Event: 80.905 GC heap before
{Heap before GC invocations=1842 (full 41):
 PSYoungGen      total 104960K, used 104944K [0x00000000eab00000, 0x00000000f4800000, 0x0000000100000000)
  eden space 61440K, 100% used [0x00000000eab00000,0x00000000ee700000,0x00000000ee700000)
  from space 43520K, 99% used [0x00000000eeb00000,0x00000000f157c0e0,0x00000000f1580000)
  to   space 49664K, 0% used [0x00000000f1780000,0x00000000f1780000,0x00000000f4800000)
 ParOldGen       total 346624K, used 283250K [0x00000000c0000000, 0x00000000d5280000, 0x00000000eab00000)
  object space 346624K, 81% used [0x00000000c0000000,0x00000000d149ca18,0x00000000d5280000)
 Metaspace       used 77491K, committed 78720K, reserved 1179648K
  class space    used 9171K, committed 9728K, reserved 1048576K
}
Event: 80.919 GC heap after
{Heap after GC invocations=1842 (full 41):
 PSYoungGen      total 113152K, used 46402K [0x00000000eab00000, 0x00000000f4800000, 0x0000000100000000)
  eden space 63488K, 0% used [0x00000000eab00000,0x00000000eab00000,0x00000000ee900000)
  from space 49664K, 93% used [0x00000000f1780000,0x00000000f44d0ba0,0x00000000f4800000)
  to   space 47616K, 0% used [0x00000000ee900000,0x00000000ee900000,0x00000000f1780000)
 ParOldGen       total 346624K, used 287151K [0x00000000c0000000, 0x00000000d5280000, 0x00000000eab00000)
  object space 346624K, 82% used [0x00000000c0000000,0x00000000d186bd10,0x00000000d5280000)
 Metaspace       used 77491K, committed 78720K, reserved 1179648K
  class space    used 9171K, committed 9728K, reserved 1048576K
}
Event: 81.044 GC heap before
{Heap before GC invocations=1843 (full 41):
 PSYoungGen      total 113152K, used 109890K [0x00000000eab00000, 0x00000000f4800000, 0x0000000100000000)
  eden space 63488K, 100% used [0x00000000eab00000,0x00000000ee900000,0x00000000ee900000)
  from space 49664K, 93% used [0x00000000f1780000,0x00000000f44d0ba0,0x00000000f4800000)
  to   space 47616K, 0% used [0x00000000ee900000,0x00000000ee900000,0x00000000f1780000)
 ParOldGen       total 346624K, used 287151K [0x00000000c0000000, 0x00000000d5280000, 0x00000000eab00000)
  object space 346624K, 82% used [0x00000000c0000000,0x00000000d186bd10,0x00000000d5280000)
 Metaspace       used 77491K, committed 78720K, reserved 1179648K
  class space    used 9171K, committed 9728K, reserved 1048576K
}
Event: 81.058 GC heap after
{Heap after GC invocations=1843 (full 41):
 PSYoungGen      total 111104K, used 47606K [0x00000000eab00000, 0x00000000f5a80000, 0x0000000100000000)
  eden space 63488K, 0% used [0x00000000eab00000,0x00000000eab00000,0x00000000ee900000)
  from space 47616K, 99% used [0x00000000ee900000,0x00000000f177dab0,0x00000000f1780000)
  to   space 55808K, 0% used [0x00000000f2400000,0x00000000f2400000,0x00000000f5a80000)
 ParOldGen       total 346624K, used 293670K [0x00000000c0000000, 0x00000000d5280000, 0x00000000eab00000)
  object space 346624K, 84% used [0x00000000c0000000,0x00000000d1ec9b48,0x00000000d5280000)
 Metaspace       used 77491K, committed 78720K, reserved 1179648K
  class space    used 9171K, committed 9728K, reserved 1048576K
}
Event: 81.379 GC heap before
{Heap before GC invocations=1844 (full 41):
 PSYoungGen      total 111104K, used 111094K [0x00000000eab00000, 0x00000000f5a80000, 0x0000000100000000)
  eden space 63488K, 100% used [0x00000000eab00000,0x00000000ee900000,0x00000000ee900000)
  from space 47616K, 99% used [0x00000000ee900000,0x00000000f177dab0,0x00000000f1780000)
  to   space 55808K, 0% used [0x00000000f2400000,0x00000000f2400000,0x00000000f5a80000)
 ParOldGen       total 346624K, used 293670K [0x00000000c0000000, 0x00000000d5280000, 0x00000000eab00000)
  object space 346624K, 84% used [0x00000000c0000000,0x00000000d1ec9b48,0x00000000d5280000)
 Metaspace       used 77494K, committed 78720K, reserved 1179648K
  class space    used 9171K, committed 9728K, reserved 1048576K
}
Event: 81.396 GC heap after
{Heap after GC invocations=1844 (full 41):
 PSYoungGen      total 70656K, used 2838K [0x00000000eab00000, 0x00000000f2700000, 0x0000000100000000)
  eden space 67584K, 0% used [0x00000000eab00000,0x00000000eab00000,0x00000000eed00000)
  from space 3072K, 92% used [0x00000000f2400000,0x00000000f26c5808,0x00000000f2700000)
  to   space 22016K, 0% used [0x00000000efc00000,0x00000000efc00000,0x00000000f1180000)
 ParOldGen       total 346624K, used 330430K [0x00000000c0000000, 0x00000000d5280000, 0x00000000eab00000)
  object space 346624K, 95% used [0x00000000c0000000,0x00000000d42af910,0x00000000d5280000)
 Metaspace       used 77494K, committed 78720K, reserved 1179648K
  class space    used 9171K, committed 9728K, reserved 1048576K
}
Event: 81.396 GC heap before
{Heap before GC invocations=1845 (full 42):
 PSYoungGen      total 70656K, used 2838K [0x00000000eab00000, 0x00000000f2700000, 0x0000000100000000)
  eden space 67584K, 0% used [0x00000000eab00000,0x00000000eab00000,0x00000000eed00000)
  from space 3072K, 92% used [0x00000000f2400000,0x00000000f26c5808,0x00000000f2700000)
  to   space 22016K, 0% used [0x00000000efc00000,0x00000000efc00000,0x00000000f1180000)
 ParOldGen       total 346624K, used 330430K [0x00000000c0000000, 0x00000000d5280000, 0x00000000eab00000)
  object space 346624K, 95% used [0x00000000c0000000,0x00000000d42af910,0x00000000d5280000)
 Metaspace       used 77494K, committed 78720K, reserved 1179648K
  class space    used 9171K, committed 9728K, reserved 1048576K
}
Event: 81.448 GC heap after
{Heap after GC invocations=1845 (full 42):
 PSYoungGen      total 73216K, used 0K [0x00000000eab00000, 0x00000000f2480000, 0x0000000100000000)
  eden space 72704K, 0% used [0x00000000eab00000,0x00000000eab00000,0x00000000ef200000)
  from space 512K, 0% used [0x00000000efc00000,0x00000000efc00000,0x00000000efc80000)
  to   space 22016K, 0% used [0x00000000f0f00000,0x00000000f0f00000,0x00000000f2480000)
 ParOldGen       total 139264K, used 55172K [0x00000000c0000000, 0x00000000c8800000, 0x00000000eab00000)
  object space 139264K, 39% used [0x00000000c0000000,0x00000000c35e12f0,0x00000000c8800000)
 Metaspace       used 77494K, committed 78720K, reserved 1179648K
  class space    used 9171K, committed 9728K, reserved 1048576K
}
Event: 81.797 GC heap before
{Heap before GC invocations=1846 (full 42):
 PSYoungGen      total 73216K, used 72704K [0x00000000eab00000, 0x00000000f2480000, 0x0000000100000000)
  eden space 72704K, 100% used [0x00000000eab00000,0x00000000ef200000,0x00000000ef200000)
  from space 512K, 0% used [0x00000000efc00000,0x00000000efc00000,0x00000000efc80000)
  to   space 22016K, 0% used [0x00000000f0f00000,0x00000000f0f00000,0x00000000f2480000)
 ParOldGen       total 139264K, used 55172K [0x00000000c0000000, 0x00000000c8800000, 0x00000000eab00000)
  object space 139264K, 39% used [0x00000000c0000000,0x00000000c35e12f0,0x00000000c8800000)
 Metaspace       used 77496K, committed 78720K, reserved 1179648K
  class space    used 9171K, committed 9728K, reserved 1048576K
}
Event: 81.800 GC heap after
{Heap after GC invocations=1846 (full 42):
 PSYoungGen      total 75776K, used 4856K [0x00000000eab00000, 0x00000000f1400000, 0x0000000100000000)
  eden space 70656K, 0% used [0x00000000eab00000,0x00000000eab00000,0x00000000ef000000)
  from space 5120K, 94% used [0x00000000f0f00000,0x00000000f13be010,0x00000000f1400000)
  to   space 7680K, 0% used [0x00000000f0500000,0x00000000f0500000,0x00000000f0c80000)
 ParOldGen       total 139264K, used 55172K [0x00000000c0000000, 0x00000000c8800000, 0x00000000eab00000)
  object space 139264K, 39% used [0x00000000c0000000,0x00000000c35e12f0,0x00000000c8800000)
 Metaspace       used 77496K, committed 78720K, reserved 1179648K
  class space    used 9171K, committed 9728K, reserved 1048576K
}
Event: 81.962 GC heap before
{Heap before GC invocations=1847 (full 42):
 PSYoungGen      total 75776K, used 75512K [0x00000000eab00000, 0x00000000f1400000, 0x0000000100000000)
  eden space 70656K, 100% used [0x00000000eab00000,0x00000000ef000000,0x00000000ef000000)
  from space 5120K, 94% used [0x00000000f0f00000,0x00000000f13be010,0x00000000f1400000)
  to   space 7680K, 0% used [0x00000000f0500000,0x00000000f0500000,0x00000000f0c80000)
 ParOldGen       total 139264K, used 55172K [0x00000000c0000000, 0x00000000c8800000, 0x00000000eab00000)
  object space 139264K, 39% used [0x00000000c0000000,0x00000000c35e12f0,0x00000000c8800000)
 Metaspace       used 77496K, committed 78720K, reserved 1179648K
  class space    used 9171K, committed 9728K, reserved 1048576K
}
Event: 81.964 GC heap after
{Heap after GC invocations=1847 (full 42):
 PSYoungGen      total 75264K, used 6328K [0x00000000eab00000, 0x00000000f0f80000, 0x0000000100000000)
  eden space 68608K, 0% used [0x00000000eab00000,0x00000000eab00000,0x00000000eee00000)
  from space 6656K, 95% used [0x00000000f0500000,0x00000000f0b2e010,0x00000000f0b80000)
  to   space 4096K, 0% used [0x00000000f0b80000,0x00000000f0b80000,0x00000000f0f80000)
 ParOldGen       total 139264K, used 55172K [0x00000000c0000000, 0x00000000c8800000, 0x00000000eab00000)
  object space 139264K, 39% used [0x00000000c0000000,0x00000000c35e12f0,0x00000000c8800000)
 Metaspace       used 77496K, committed 78720K, reserved 1179648K
  class space    used 9171K, committed 9728K, reserved 1048576K
}
Event: 82.139 GC heap before
{Heap before GC invocations=1848 (full 42):
 PSYoungGen      total 75264K, used 74936K [0x00000000eab00000, 0x00000000f0f80000, 0x0000000100000000)
  eden space 68608K, 100% used [0x00000000eab00000,0x00000000eee00000,0x00000000eee00000)
  from space 6656K, 95% used [0x00000000f0500000,0x00000000f0b2e010,0x00000000f0b80000)
  to   space 4096K, 0% used [0x00000000f0b80000,0x00000000f0b80000,0x00000000f0f80000)
 ParOldGen       total 139264K, used 55172K [0x00000000c0000000, 0x00000000c8800000, 0x00000000eab00000)
  object space 139264K, 39% used [0x00000000c0000000,0x00000000c35e12f0,0x00000000c8800000)
 Metaspace       used 77498K, committed 78720K, reserved 1179648K
  class space    used 9171K, committed 9728K, reserved 1048576K
}
Event: 82.141 GC heap after
{Heap after GC invocations=1848 (full 42):
 PSYoungGen      total 70656K, used 4088K [0x00000000eab00000, 0x00000000f0f80000, 0x0000000100000000)
  eden space 66560K, 0% used [0x00000000eab00000,0x00000000eab00000,0x00000000eec00000)
  from space 4096K, 99% used [0x00000000f0b80000,0x00000000f0f7e010,0x00000000f0f80000)
  to   space 8192K, 0% used [0x00000000eff80000,0x00000000eff80000,0x00000000f0780000)
 ParOldGen       total 139264K, used 58561K [0x00000000c0000000, 0x00000000c8800000, 0x00000000eab00000)
  object space 139264K, 42% used [0x00000000c0000000,0x00000000c3930478,0x00000000c8800000)
 Metaspace       used 77498K, committed 78720K, reserved 1179648K
  class space    used 9171K, committed 9728K, reserved 1048576K
}
Event: 82.461 GC heap before
{Heap before GC invocations=1849 (full 42):
 PSYoungGen      total 70656K, used 70648K [0x00000000eab00000, 0x00000000f0f80000, 0x0000000100000000)
  eden space 66560K, 100% used [0x00000000eab00000,0x00000000eec00000,0x00000000eec00000)
  from space 4096K, 99% used [0x00000000f0b80000,0x00000000f0f7e010,0x00000000f0f80000)
  to   space 8192K, 0% used [0x00000000eff80000,0x00000000eff80000,0x00000000f0780000)
 ParOldGen       total 139264K, used 58561K [0x00000000c0000000, 0x00000000c8800000, 0x00000000eab00000)
  object space 139264K, 42% used [0x00000000c0000000,0x00000000c3930478,0x00000000c8800000)
 Metaspace       used 77527K, committed 78720K, reserved 1179648K
  class space    used 9173K, committed 9728K, reserved 1048576K
}
Event: 82.464 GC heap after
{Heap after GC invocations=1849 (full 42):
 PSYoungGen      total 73216K, used 8188K [0x00000000eab00000, 0x00000000f0c00000, 0x0000000100000000)
  eden space 65024K, 0% used [0x00000000eab00000,0x00000000eab00000,0x00000000eea80000)
  from space 8192K, 99% used [0x00000000eff80000,0x00000000f077f368,0x00000000f0780000)
  to   space 4608K, 0% used [0x00000000f0780000,0x00000000f0780000,0x00000000f0c00000)
 ParOldGen       total 139264K, used 59344K [0x00000000c0000000, 0x00000000c8800000, 0x00000000eab00000)
  object space 139264K, 42% used [0x00000000c0000000,0x00000000c39f40c0,0x00000000c8800000)
 Metaspace       used 77527K, committed 78720K, reserved 1179648K
  class space    used 9173K, committed 9728K, reserved 1048576K
}
Event: 83.296 GC heap before
{Heap before GC invocations=1850 (full 42):
 PSYoungGen      total 73216K, used 73212K [0x00000000eab00000, 0x00000000f0c00000, 0x0000000100000000)
  eden space 65024K, 100% used [0x00000000eab00000,0x00000000eea80000,0x00000000eea80000)
  from space 8192K, 99% used [0x00000000eff80000,0x00000000f077f368,0x00000000f0780000)
  to   space 4608K, 0% used [0x00000000f0780000,0x00000000f0780000,0x00000000f0c00000)
 ParOldGen       total 139264K, used 59344K [0x00000000c0000000, 0x00000000c8800000, 0x00000000eab00000)
  object space 139264K, 42% used [0x00000000c0000000,0x00000000c39f40c0,0x00000000c8800000)
 Metaspace       used 77549K, committed 78784K, reserved 1179648K
  class space    used 9173K, committed 9728K, reserved 1048576K
}
Event: 83.303 GC heap after
{Heap after GC invocations=1850 (full 42):
 PSYoungGen      total 68096K, used 4590K [0x00000000eab00000, 0x00000000f1f00000, 0x0000000100000000)
  eden space 63488K, 0% used [0x00000000eab00000,0x00000000eab00000,0x00000000ee900000)
  from space 4608K, 99% used [0x00000000f0780000,0x00000000f0bfbbb8,0x00000000f0c00000)
  to   space 27648K, 0% used [0x00000000ee900000,0x00000000ee900000,0x00000000f0400000)
 ParOldGen       total 139264K, used 79511K [0x00000000c0000000, 0x00000000c8800000, 0x00000000eab00000)
  object space 139264K, 57% used [0x00000000c0000000,0x00000000c4da5e08,0x00000000c8800000)
 Metaspace       used 77549K, committed 78784K, reserved 1179648K
  class space    used 9173K, committed 9728K, reserved 1048576K
}
Event: 83.666 GC heap before
{Heap before GC invocations=1851 (full 42):
 PSYoungGen      total 68096K, used 68078K [0x00000000eab00000, 0x00000000f1f00000, 0x0000000100000000)
  eden space 63488K, 100% used [0x00000000eab00000,0x00000000ee900000,0x00000000ee900000)
  from space 4608K, 99% used [0x00000000f0780000,0x00000000f0bfbbb8,0x00000000f0c00000)
  to   space 27648K, 0% used [0x00000000ee900000,0x00000000ee900000,0x00000000f0400000)
 ParOldGen       total 139264K, used 79511K [0x00000000c0000000, 0x00000000c8800000, 0x00000000eab00000)
  object space 139264K, 57% used [0x00000000c0000000,0x00000000c4da5e08,0x00000000c8800000)
 Metaspace       used 77550K, committed 78784K, reserved 1179648K
  class space    used 9173K, committed 9728K, reserved 1048576K
}
Event: 83.674 GC heap after
{Heap after GC invocations=1851 (full 42):
 PSYoungGen      total 82944K, used 20493K [0x00000000eab00000, 0x00000000f1280000, 0x0000000100000000)
  eden space 61952K, 0% used [0x00000000eab00000,0x00000000eab00000,0x00000000ee780000)
  from space 20992K, 97% used [0x00000000ee900000,0x00000000efd03408,0x00000000efd80000)
  to   space 21504K, 0% used [0x00000000efd80000,0x00000000efd80000,0x00000000f1280000)
 ParOldGen       total 139264K, used 80159K [0x00000000c0000000, 0x00000000c8800000, 0x00000000eab00000)
  object space 139264K, 57% used [0x00000000c0000000,0x00000000c4e47e08,0x00000000c8800000)
 Metaspace       used 77550K, committed 78784K, reserved 1179648K
  class space    used 9173K, committed 9728K, reserved 1048576K
}

